<?xml version="1.0" encoding="UTF-8"?>
<!-- Generated by org.testng.reporters.JUnitXMLReporter -->
<testsuite ignored="1" hostname="Ankit_Sharma" failures="0" tests="1" name="Test" time="52.852" errors="0" timestamp="2024-01-06T19:28:05 IST">
  <testcase classname="ankit.qa.tests.ProductTests" name="validateProductsOnProductDetailsPageTest" time="25.316"/>
  <testcase classname="ankit.qa.tests.ProductTests" name="validateProductsOnProductPageTest" time="0.0">
    <ignored/>
  </testcase> <!-- validateProductsOnProductPageTest -->
</testsuite> <!-- Test -->
