<?xml version="1.0" encoding="UTF-8"?>
<testng-results ignored="0" total="1" passed="1" failed="0" skipped="0">
  <reporter-output>
  </reporter-output>
  <suite started-at="2024-01-06T19:27:12 IST" name="Suite" finished-at="2024-01-06T19:28:05 IST" duration-ms="52852">
    <groups>
    </groups>
    <test started-at="2024-01-06T19:27:12 IST" name="Test" finished-at="2024-01-06T19:28:05 IST" duration-ms="52852">
      <class name="ankit.qa.tests.ProductTests">
        <test-method is-config="true" signature="beforeSuite()[pri:0, instance:ankit.qa.tests.ProductTests@769a1df5]" started-at="2024-01-06T19:27:10 IST" name="beforeSuite" finished-at="2024-01-06T19:27:12 IST" duration-ms="2433" status="PASS">
          <reporter-output>
          </reporter-output>
        </test-method> <!-- beforeSuite -->
        <test-method is-config="true" signature="beforeTest(java.lang.String,java.lang.String)[pri:0, instance:ankit.qa.tests.ProductTests@769a1df5]" started-at="2024-01-06T19:27:12 IST" name="beforeTest" finished-at="2024-01-06T19:27:33 IST" duration-ms="21178" status="PASS">
          <params>
            <param index="0">
              <value>
                <![CDATA[Android]]>
              </value>
            </param>
            <param index="1">
              <value>
                <![CDATA[Ankitemulator]]>
              </value>
            </param>
          </params>
          <reporter-output>
          </reporter-output>
        </test-method> <!-- beforeTest -->
        <test-method is-config="true" signature="beforeClass()[pri:0, instance:ankit.qa.tests.ProductTests@769a1df5]" started-at="2024-01-06T19:27:33 IST" name="beforeClass" finished-at="2024-01-06T19:27:33 IST" duration-ms="7" status="PASS">
          <reporter-output>
          </reporter-output>
        </test-method> <!-- beforeClass -->
        <test-method is-config="true" signature="beforeMethod()[pri:0, instance:ankit.qa.tests.ProductTests@769a1df5]" started-at="2024-01-06T19:27:33 IST" name="beforeMethod" finished-at="2024-01-06T19:27:35 IST" duration-ms="1238" status="PASS">
          <reporter-output>
          </reporter-output>
        </test-method> <!-- beforeMethod -->
        <test-method is-config="true" signature="beforeMethod(java.lang.reflect.Method)[pri:0, instance:ankit.qa.tests.ProductTests@769a1df5]" started-at="2024-01-06T19:27:35 IST" name="beforeMethod" finished-at="2024-01-06T19:27:35 IST" duration-ms="841" status="PASS">
          <params>
            <param index="0">
              <value>
                <![CDATA[public void ankit.qa.tests.ProductTests.validateProductsOnProductDetailsPageTest()]]>
              </value>
            </param>
          </params>
          <reporter-output>
          </reporter-output>
        </test-method> <!-- beforeMethod -->
        <test-method signature="validateProductsOnProductDetailsPageTest()[pri:0, instance:ankit.qa.tests.ProductTests@769a1df5]" started-at="2024-01-06T19:27:35 IST" name="validateProductsOnProductDetailsPageTest" finished-at="2024-01-06T19:28:01 IST" duration-ms="25316" status="PASS">
          <reporter-output>
          </reporter-output>
        </test-method> <!-- validateProductsOnProductDetailsPageTest -->
        <test-method is-config="true" signature="afterMethod()[pri:0, instance:ankit.qa.tests.ProductTests@769a1df5]" started-at="2024-01-06T19:28:01 IST" name="afterMethod" finished-at="2024-01-06T19:28:02 IST" duration-ms="1262" status="PASS">
          <reporter-output>
          </reporter-output>
        </test-method> <!-- afterMethod -->
        <test-method is-config="true" signature="afterMethod(org.testng.ITestResult)[pri:0, instance:ankit.qa.tests.ProductTests@769a1df5]" started-at="2024-01-06T19:28:02 IST" name="afterMethod" finished-at="2024-01-06T19:28:04 IST" duration-ms="2350" status="PASS">
          <params>
            <param index="0">
              <value>
                <![CDATA[[TestResult name=validateProductsOnProductDetailsPageTest status=SUCCESS method=ProductTests.validateProductsOnProductDetailsPageTest()[pri:0, instance:ankit.qa.tests.ProductTests@769a1df5] output={null}]]]>
              </value>
            </param>
          </params>
          <reporter-output>
          </reporter-output>
        </test-method> <!-- afterMethod -->
        <test-method is-config="true" signature="afterClass()[pri:0, instance:ankit.qa.tests.ProductTests@769a1df5]" started-at="2024-01-06T19:28:04 IST" name="afterClass" finished-at="2024-01-06T19:28:04 IST" duration-ms="1" status="PASS">
          <reporter-output>
          </reporter-output>
        </test-method> <!-- afterClass -->
        <test-method is-config="true" signature="afterTest()[pri:0, instance:ankit.qa.tests.ProductTests@769a1df5]" started-at="2024-01-06T19:28:04 IST" name="afterTest" finished-at="2024-01-06T19:28:05 IST" duration-ms="590" status="PASS">
          <reporter-output>
          </reporter-output>
        </test-method> <!-- afterTest -->
        <test-method is-config="true" signature="afterSuite()[pri:0, instance:ankit.qa.tests.ProductTests@769a1df5]" started-at="2024-01-06T19:28:06 IST" name="afterSuite" finished-at="2024-01-06T19:28:06 IST" duration-ms="2" status="PASS">
          <reporter-output>
          </reporter-output>
        </test-method> <!-- afterSuite -->
      </class> <!-- ankit.qa.tests.ProductTests -->
    </test> <!-- Test -->
  </suite> <!-- Suite -->
</testng-results>
